app/build/intermediates/manifest_merge_blame_file/debug/manifest-merger-blame-debug-report.txt
1<?xml version="1.0" encoding="utf-8"?>
2<manifest xmlns:android="http://schemas.android.com/apk/res/android"
3    package="com.example.triviaapp"
4    android:versionCode="1"
5    android:versionName="1.0" >
6
7    <uses-sdk
8        android:minSdkVersion="21"
8-->src/main/AndroidManifest.xml
9        android:targetSdkVersion="30" />
9-->src/main/AndroidManifest.xml
10
11    <application
11-->src/main/AndroidManifest.xml:5:5-36:19
12        android:name="com.example.triviaapp.TriviaApp"
12-->src/main/AndroidManifest.xml:6:9-34
13        android:allowBackup="true"
13-->src/main/AndroidManifest.xml:7:9-35
14        android:appComponentFactory="androidx.core.app.CoreComponentFactory"
14-->[androidx.core:core:1.5.0] AndroidManifest.xml:24:18-86
15        android:debuggable="true"
16        android:icon="@null"
16-->src/main/AndroidManifest.xml:9:9-29
17        android:label="@string/app_name"
17-->src/main/AndroidManifest.xml:8:9-41
18        android:roundIcon="@mipmap/ic_launcher_round"
18-->src/main/AndroidManifest.xml:10:9-54
19        android:supportsRtl="true"
19-->src/main/AndroidManifest.xml:11:9-35
20        android:testOnly="true"
21        android:theme="@style/Theme.TriviaApp" >
21-->src/main/AndroidManifest.xml:12:9-47
22        <activity android:name="com.example.triviaapp.ui.SplashActivity" >
22-->src/main/AndroidManifest.xml:13:9-19:20
22-->src/main/AndroidManifest.xml:13:19-52
23            <intent-filter>
23-->src/main/AndroidManifest.xml:14:13-18:29
24                <action android:name="android.intent.action.MAIN" />
24-->src/main/AndroidManifest.xml:15:17-69
24-->src/main/AndroidManifest.xml:15:25-66
25
26                <category android:name="android.intent.category.LAUNCHER" />
26-->src/main/AndroidManifest.xml:17:17-77
26-->src/main/AndroidManifest.xml:17:27-74
27            </intent-filter>
28        </activity>
29        <activity
29-->src/main/AndroidManifest.xml:20:9-23:58
30            android:name="com.example.triviaapp.ui.HistoryActivity"
30-->src/main/AndroidManifest.xml:20:19-53
31            android:launchMode="singleTop"
31-->src/main/AndroidManifest.xml:21:13-43
32            android:screenOrientation="portrait"
32-->src/main/AndroidManifest.xml:22:13-49
33            android:windowSoftInputMode="adjustNothing" />
33-->src/main/AndroidManifest.xml:23:13-56
34        <activity
34-->src/main/AndroidManifest.xml:24:9-28:59
35            android:name="com.example.triviaapp.ui.SummaryActivity"
35-->src/main/AndroidManifest.xml:25:13-47
36            android:launchMode="singleTop"
36-->src/main/AndroidManifest.xml:26:13-43
37            android:screenOrientation="portrait"
37-->src/main/AndroidManifest.xml:27:13-49
38            android:windowSoftInputMode="adjustNothing" />
38-->src/main/AndroidManifest.xml:28:13-56
39        <activity
39-->src/main/AndroidManifest.xml:29:9-35:20
40            android:name="com.example.triviaapp.ui.MainActivity"
40-->src/main/AndroidManifest.xml:30:13-44
41            android:launchMode="singleTop"
41-->src/main/AndroidManifest.xml:31:13-43
42            android:screenOrientation="portrait"
42-->src/main/AndroidManifest.xml:32:13-49
43            android:windowSoftInputMode="adjustPan" >
43-->src/main/AndroidManifest.xml:33:13-52
44        </activity>
45
46        <meta-data
46-->[com.google.android.gms:play-services-basement:16.0.1] AndroidManifest.xml:23:9-25:69
47            android:name="com.google.android.gms.version"
47-->[com.google.android.gms:play-services-basement:16.0.1] AndroidManifest.xml:24:13-58
48            android:value="@integer/google_play_services_version" />
48-->[com.google.android.gms:play-services-basement:16.0.1] AndroidManifest.xml:25:13-66
49
50        <service
50-->[androidx.room:room-runtime:2.3.0] AndroidManifest.xml:25:9-28:40
51            android:name="androidx.room.MultiInstanceInvalidationService"
51-->[androidx.room:room-runtime:2.3.0] AndroidManifest.xml:26:13-74
52            android:directBootAware="true"
52-->[androidx.room:room-runtime:2.3.0] AndroidManifest.xml:27:13-43
53            android:exported="false" />
53-->[androidx.room:room-runtime:2.3.0] AndroidManifest.xml:28:13-37
54    </application>
55
56</manifest>